{"level":"info","message":"Listening on port 3000...","timestamp":"2020-02-26T06:17:10.889Z"}
{"level":"info","message":"Connected to mongodb://localhost/pythonji...","timestamp":"2020-02-26T06:17:10.935Z"}
{"level":"info","message":"Listening on port 3000...","timestamp":"2020-02-26T06:21:52.743Z"}
{"level":"info","message":"Connected to mongodb://localhost/pythonji...","timestamp":"2020-02-26T06:21:52.767Z"}
{"level":"info","message":"Listening on port 3000...","timestamp":"2020-02-26T06:22:12.205Z"}
{"level":"info","message":"Connected to mongodb://localhost/pythonji...","timestamp":"2020-02-26T06:22:12.232Z"}
{"level":"info","message":"Listening on port 3000...","timestamp":"2020-02-26T06:24:45.689Z"}
{"level":"info","message":"Connected to mongodb://localhost/pythonji...","timestamp":"2020-02-26T06:24:45.717Z"}
{"message":"Unexpected token } in JSON at position 64","stack":"SyntaxError: Unexpected token } in JSON at position 64\n    at JSON.parse (<anonymous>)\n    at parse (C:\\Prashant\\MEAN\\pythonji\\backend\\node_modules\\body-parser\\lib\\types\\json.js:89:19)\n    at C:\\Prashant\\MEAN\\pythonji\\backend\\node_modules\\body-parser\\lib\\read.js:121:18\n    at invokeCallback (C:\\Prashant\\MEAN\\pythonji\\backend\\node_modules\\raw-body\\index.js:224:16)\n    at done (C:\\Prashant\\MEAN\\pythonji\\backend\\node_modules\\raw-body\\index.js:213:7)\n    at IncomingMessage.onEnd (C:\\Prashant\\MEAN\\pythonji\\backend\\node_modules\\raw-body\\index.js:273:7)\n    at IncomingMessage.emit (events.js:203:15)\n    at endReadableNT (_stream_readable.js:1145:12)\n    at process._tickCallback (internal/process/next_tick.js:63:19)","expose":true,"statusCode":400,"status":400,"body":"{\n\t\"name\": \"prashant\",\n\t\"isGold\": \"true\",\n\t\"phone\": 9758435645,\n}","type":"entity.parse.failed","level":"error","timestamp":"2020-02-26T07:18:35.858Z"}
{"message":"Unexpected token } in JSON at position 66","stack":"SyntaxError: Unexpected token } in JSON at position 66\n    at JSON.parse (<anonymous>)\n    at parse (C:\\Prashant\\MEAN\\pythonji\\backend\\node_modules\\body-parser\\lib\\types\\json.js:89:19)\n    at C:\\Prashant\\MEAN\\pythonji\\backend\\node_modules\\body-parser\\lib\\read.js:121:18\n    at invokeCallback (C:\\Prashant\\MEAN\\pythonji\\backend\\node_modules\\raw-body\\index.js:224:16)\n    at done (C:\\Prashant\\MEAN\\pythonji\\backend\\node_modules\\raw-body\\index.js:213:7)\n    at IncomingMessage.onEnd (C:\\Prashant\\MEAN\\pythonji\\backend\\node_modules\\raw-body\\index.js:273:7)\n    at IncomingMessage.emit (events.js:203:15)\n    at endReadableNT (_stream_readable.js:1145:12)\n    at process._tickCallback (internal/process/next_tick.js:63:19)","expose":true,"statusCode":400,"status":400,"body":"{\n\t\"name\": \"prashant\",\n\t\"isGold\": \"true\",\n\t\"phone\": \"9758435645\",\n}","type":"entity.parse.failed","level":"error","timestamp":"2020-02-26T07:18:44.912Z"}
{"message":"Unexpected token } in JSON at position 24","stack":"SyntaxError: Unexpected token } in JSON at position 24\n    at JSON.parse (<anonymous>)\n    at parse (C:\\Prashant\\MEAN\\pythonji\\backend\\node_modules\\body-parser\\lib\\types\\json.js:89:19)\n    at C:\\Prashant\\MEAN\\pythonji\\backend\\node_modules\\body-parser\\lib\\read.js:121:18\n    at invokeCallback (C:\\Prashant\\MEAN\\pythonji\\backend\\node_modules\\raw-body\\index.js:224:16)\n    at done (C:\\Prashant\\MEAN\\pythonji\\backend\\node_modules\\raw-body\\index.js:213:7)\n    at IncomingMessage.onEnd (C:\\Prashant\\MEAN\\pythonji\\backend\\node_modules\\raw-body\\index.js:273:7)\n    at IncomingMessage.emit (events.js:203:15)\n    at endReadableNT (_stream_readable.js:1145:12)\n    at process._tickCallback (internal/process/next_tick.js:63:19)","expose":true,"statusCode":400,"status":400,"body":"{\n\t\"name\": \"prashant\",\n\n}","type":"entity.parse.failed","level":"error","timestamp":"2020-02-26T07:18:53.766Z"}
{"level":"info","message":"Listening on port 3000...","timestamp":"2020-02-26T07:20:24.877Z"}
{"level":"info","message":"Connected to mongodb://localhost/pythonji...","timestamp":"2020-02-26T07:20:24.904Z"}
{"level":"info","message":"Listening on port 3000...","timestamp":"2020-02-26T08:59:24.135Z"}
{"level":"info","message":"Connected to mongodb://localhost/pythonji...","timestamp":"2020-02-26T08:59:24.160Z"}
{"level":"info","message":"Listening on port 3000...","timestamp":"2020-02-26T09:53:44.182Z"}
{"level":"info","message":"Connected to mongodb://localhost/pythonji...","timestamp":"2020-02-26T09:53:44.207Z"}
{"level":"info","message":"Listening on port 3000...","timestamp":"2020-02-26T09:53:58.950Z"}
{"level":"info","message":"Connected to mongodb://localhost/pythonji...","timestamp":"2020-02-26T09:53:58.981Z"}
{"level":"info","message":"Listening on port 3000...","timestamp":"2020-02-26T09:54:47.445Z"}
{"level":"info","message":"Connected to mongodb://localhost/pythonji...","timestamp":"2020-02-26T09:54:47.482Z"}
{"level":"info","message":"Listening on port 3000...","timestamp":"2020-02-26T09:55:10.437Z"}
{"level":"info","message":"Connected to mongodb://localhost/pythonji...","timestamp":"2020-02-26T09:55:10.477Z"}
{"level":"info","message":"Listening on port 3000...","timestamp":"2020-02-26T09:55:39.006Z"}
{"level":"info","message":"Connected to mongodb://localhost/pythonji...","timestamp":"2020-02-26T09:55:39.043Z"}
{"level":"info","message":"Listening on port 3000...","timestamp":"2020-02-26T10:10:30.105Z"}
{"level":"info","message":"Connected to mongodb://localhost/pythonji...","timestamp":"2020-02-26T10:10:30.131Z"}
{"level":"info","message":"Listening on port 3000...","timestamp":"2020-02-26T10:10:39.988Z"}
{"level":"info","message":"Connected to mongodb://localhost/pythonji...","timestamp":"2020-02-26T10:10:40.020Z"}
{"level":"info","message":"Listening on port 3000...","timestamp":"2020-02-26T10:15:28.644Z"}
{"level":"info","message":"Connected to mongodb://localhost/pythonji...","timestamp":"2020-02-26T10:15:28.670Z"}
